Lmod has detected the following error: The following module(s) are unknown:
"mpt"

Please check the spelling or version number. Also try "module spider ..."
It is also possible your cache file is out-of-date; it may help to try:
  $ module --ignore_cache load "mpt"

Also make sure that all modulefiles written in TCL start with the string
#%Module



Current working directory: /mnt/lustre/e1000/home/m25oc/m25oc/s2799314/seperate
Starting MPI simulation...
Day,Prey,Predators
0,158122,3257
1,281708,2202
2,286063,781
3,286819,227
4,287224,51
5,287421,7
6,287088,3
7,286956,0
8,287657,0
9,287067,0
10,287822,0
11,286703,0
12,286550,0
13,286674,0
14,287169,0
15,287326,0
16,286889,0
17,287179,0
18,287189,0
19,287131,0
