Lmod has detected the following error: The following module(s) are unknown:
"mpt"

Please check the spelling or version number. Also try "module spider ..."
It is also possible your cache file is out-of-date; it may help to try:
  $ module --ignore_cache load "mpt"

Also make sure that all modulefiles written in TCL start with the string
#%Module



================================
Strong Scaling Test
Fixed problem: GRID=160, PREY=256000, PRED=6400
================================
--- 1 process ---
Day,Prey,Predators
0,4350942,5653
1,5064619,47853
2,4253570,310799
3,506067,335408
4,260736,70836
5,2349661,35450
6,4834078,232085
7,421853,409689
8,131087,69906
9,1287555,19702
10,5072771,93832
11,2584950,490733
12,113974,170238
13,438088,31179
14,4614299,41457
15,4440395,305499
16,271036,333211
17,195639,57514
18,2058076,23657
19,4983137,153244
Time: 1025.348 seconds
--- 2 processes ---
Day,Prey,Predators
0,4334895,5980
1,5051824,50140
2,4089690,323205
3,378768,311564
4,284835,61314
5,2762781,36960
6,4708417,259681
7,299541,356785
8,172017,60643
9,1775082,21921
10,5010808,132887
11,1393458,510276
12,108860,115697
13,712296,24583
14,5097608,62912
15,3557584,411368
16,125957,220395
17,319525,37888
18,3711735,32568
19,4687123,250142
Time: 453.760 seconds
--- 4 processes ---
Day,Prey,Predators
0,4339290,5581
1,4986753,47635
2,4002951,316292
3,296446,295394
4,309208,56160
5,3116113,38125
6,4530550,273404
7,251716,331193
8,210235,57125
9,2179542,26005
10,4899924,170759
11,739424,451018
12,154852,87836
13,1258986,25432
14,5016797,116987
15,1579925,499558
16,127523,121753
17,765769,27164
18,5030181,73432
19,2999897,444786
Time: 138.101 seconds
--- 8 processes ---
Day,Prey,Predators
0,4338395,5731
1,4779149,48327
2,3900816,318674
3,152165,257328
4,281034,44053
5,3222946,30223
6,4402687,211412
7,323026,378771
8,172850,64772
9,1703195,23507
10,4657342,128184
11,1155913,490325
12,120763,103459
13,872119,24357
14,4757501,75990
15,2862695,445027
16,109883,166679
17,456024,31096
18,4650747,43427
19,4019582,301205
Time: 92.627 seconds
--- 16 processes ---
srun: warning: can't honor --ntasks-per-node set to 8 which doesn't match the requested tasks 16 with the maximum number of requested nodes 1. Ignoring --ntasks-per-node.
Day,Prey,Predators
0,4316547,5577
1,4536181,44728
2,4009806,288435
3,169596,283359
4,238500,48044
5,2704093,25758
6,4344598,165071
7,567321,451341
8,137388,80744
9,1186844,22249
10,4470378,92504
11,2287877,485725
12,105999,141517
13,550729,27500
14,4532656,50163
15,3883431,323532
16,137151,249593
17,273374,42059
18,3236150,27270
19,4308786,183328
Time: 28.034 seconds
