Lmod has detected the following error: The following module(s) are unknown:
"mpt"

Please check the spelling or version number. Also try "module spider ..."
It is also possible your cache file is out-of-date; it may help to try:
  $ module --ignore_cache load "mpt"

Also make sure that all modulefiles written in TCL start with the string
#%Module



==================================================
Starting Strong Scaling Test (1, 2, 4, 8, 16 MPI)
Current working directory: /mnt/lustre/e1000/home/m25oc/m25oc/s2799314/seperate
==================================================
>>> Running with 1 MPI process(es) <<<
--------------------------------------------------
>>> Running with 2 MPI process(es) <<<
--------------------------------------------------
>>> Running with 4 MPI process(es) <<<
--------------------------------------------------
>>> Running with 8 MPI process(es) <<<
Error: grid_rows (40) must be divisible by total_actors (16).
srun: error: cs-n0192: tasks 0-7: Exited with exit code 1
srun: Terminating StepId=99826.3
--------------------------------------------------
>>> Running with 16 MPI process(es) <<<
Error: grid_rows (40) must be divisible by total_actors (32).
srun: error: cs-n0192: tasks 0-15: Exited with exit code 1
srun: Terminating StepId=99826.4
--------------------------------------------------
All tests completed!
You can check log_1procs.txt to log_16procs.txt for the daily population data.
