Lmod has detected the following error: The following module(s) are unknown:
"mpt"

Please check the spelling or version number. Also try "module spider ..."
It is also possible your cache file is out-of-date; it may help to try:
  $ module --ignore_cache load "mpt"

Also make sure that all modulefiles written in TCL start with the string
#%Module



================================
Weak Scaling Test
Fixed density: 10 prey/cell, 0.25 pred/cell
================================
--- 1 process, GRID=40x40 (Area=1600) ---
srun: warning: can't run 1 processes on 2 nodes, setting nnodes to 1
Day,Prey,Predators
0,270840,389
1,311186,3569
2,227313,23041
3,14523,16117
4,23244,3230
5,235029,2968
6,262372,20049
7,13580,17822
8,17273,3219
9,183680,2042
10,295504,14004
11,20434,23445
12,11311,3980
13,111827,1493
14,310403,8589
15,68928,30316
16,8334,6548
17,57915,1621
18,314836,5475
19,154311,30689
Time: 22.312 seconds
--- 2 processes, GRID=56x56 (Area=3136) ---
Day,Prey,Predators
0,528990,740
1,599997,6490
2,452509,41312
3,23843,30387
4,42574,5603
5,462581,4681
6,528347,32655
7,29365,38153
8,30142,6768
9,315391,3625
10,567861,25018
11,42897,46892
12,22175,8129
13,214510,2897
14,594258,16147
15,137703,59691
16,16071,12640
17,115381,3160
18,601814,10922
19,273385,58901
Time: 22.508 seconds
--- 4 processes, GRID=80x80 (Area=6400) ---
Day,Prey,Predators
0,1077579,1463
1,1191972,13302
2,936116,85583
3,37170,60126
4,76950,10551
5,890388,8120
6,1088737,56544
7,68067,90294
8,45496,15226
9,457308,5855
10,1161379,32919
11,263759,122979
12,30559,25088
13,226274,5932
14,1188496,19332
15,725498,108930
16,27681,42865
17,112717,7966
18,1131265,11210
19,1004810,74288
Time: 24.676 seconds
--- 8 processes, GRID=113x113 (Area=12769) ---
Error: grid_rows (113) must be divisible by total_actors (16).
srun: error: cs-n0198: tasks 4-7: Exited with exit code 1
srun: Terminating StepId=106153.3
srun: error: cs-n0196: tasks 0-3: Exited with exit code 1
--- 16 processes, GRID=160x160 (Area=25600) ---
Day,Prey,Predators
0,4316547,5577
1,4536181,44728
2,4009806,288435
3,169596,283359
4,238500,48044
5,2704093,25758
6,4344598,165071
7,567321,451341
8,137388,80744
9,1186844,22249
10,4470378,92504
11,2287877,485725
12,105999,141517
13,550729,27500
14,4532656,50163
15,3883431,323532
16,137151,249593
17,273374,42059
18,3236150,27270
19,4308786,183328
Time: 29.526 seconds
