Lmod has detected the following error: The following module(s) are unknown:
"mpt"

Please check the spelling or version number. Also try "module spider ..."
It is also possible your cache file is out-of-date; it may help to try:
  $ module --ignore_cache load "mpt"

Also make sure that all modulefiles written in TCL start with the string
#%Module



=== 1 process ===
Day,Prey,Predators
0,156497,300
1,156246,871
2,156111,2183
3,152282,5269
4,135375,9828
5,100403,13375
6,72249,12191
7,92888,9620
8,122538,14000
9,57580,13581
10,75591,7450
11,144313,11939
12,74953,15620
13,59047,8690
14,142818,9301
15,102154,16348
16,55132,11162
17,104273,8031
18,128744,14766
19,61597,13845

real	0m14.632s
user	0m0.009s
sys	0m0.011s
